app/build/outputs/mapping/release/seeds.txt
com.teamvoyager.simplesketch.SketchView: java.util.ArrayList getPaths()
com.teamvoyager.simplesketch.SketchView: void setMode(int)
com.teamvoyager.simplesketch.SketchView: int getMode()
com.teamvoyager.simplesketch.SketchView: int getStrokeSize()
com.teamvoyager.simplesketch.GenericFileProvider: GenericFileProvider()
com.teamvoyager.simplesketch.SketchView: android.graphics.Bitmap getBitmap()
com.teamvoyager.simplesketch.SketchView: void setPaths(java.util.ArrayList)
com.teamvoyager.simplesketch.SketchView: java.util.ArrayList getUndonePaths()
com.teamvoyager.simplesketch.SketchFragment_ViewBinding
com.teamvoyager.simplesketch.SketchFragment_ViewBinding: SketchFragment_ViewBinding(com.teamvoyager.simplesketch.SketchFragment,android.view.View)
com.teamvoyager.simplesketch.MainActivity
com.teamvoyager.simplesketch.SaveSketch_ViewBinding: SaveSketch_ViewBinding(com.teamvoyager.simplesketch.SaveSketch,android.view.View)
com.teamvoyager.simplesketch.SaveSketch_ViewBinding
com.teamvoyager.simplesketch.SketchView: int getStrokeColor()
com.teamvoyager.simplesketch.SketchView: int getUndoneCount()
com.teamvoyager.simplesketch.SaveSketch
com.teamvoyager.simplesketch.GenericFileProvider
com.teamvoyager.simplesketch.SketchView: void setUndonePaths(java.util.ArrayList)
com.teamvoyager.simplesketch.MainActivity: MainActivity()
com.teamvoyager.simplesketch.SketchView: SketchView(android.content.Context,android.util.AttributeSet)
com.teamvoyager.simplesketch.SketchView: void setStrokeColor(int)
com.teamvoyager.simplesketch.SketchView: void setOnDrawChangedListener(com.teamvoyager.simplesketch.OnDrawChangedListener)
com.teamvoyager.simplesketch.SketchView
com.teamvoyager.simplesketch.SaveSketch: SaveSketch()
...
com.afollestad.materialdialogs.R$dimen: int notification_action_icon_size
com.afollestad.materialdialogs.R$style: int Base_Widget_AppCompat_Light_ActionBar_TabBar
com.google.android.gms.internal.ads.zzty$zzf: com.google.android.gms.internal.ads.zzehy zzel
androidx.appcompat.R$id: int up
com.afollestad.materialdialogs.R$dimen: int md_button_padding_horizontal_internalexternal
com.afollestad.materialdialogs.R$styleable: int AppCompatTextView_fontFamily
com.afollestad.materialdialogs.R$color: int material_blue_grey_950
androidx.appcompat.R$attr: int buttonStyleSmall
butterknife.R$id: int italic
androidx.appcompat.R$attr: int homeAsUpIndicator
androidx.appcompat.R$dimen: int abc_text_size_display_3_material
me.zhanghai.android.materialprogressbar.MaterialProgressBar: int mProgressStyle
androidx.appcompat.R$color: int highlighted_text_material_dark
me.zhanghai.android.materialprogressbar.R$layout: int abc_screen_simple
com.google.android.gms.internal.ads.zzty$zzp: com.google.android.gms.internal.ads.zzty$zzp zzcej
androidx.recyclerview.widget.RecyclerView: void setOnScrollListener(androidx.recyclerview.widget.RecyclerView$OnScrollListener)
me.zhanghai.android.materialprogressbar.R$style: int Theme_AppCompat_DayNight
com.google.android.gms.internal.ads.zzty$zzb$zze: com.google.android.gms.internal.ads.zzty$zzb$zze zzbzi
androidx.core.R$styleable: int GradientColor_android_centerY
com.google.android.gms.internal.ads.zzty$zzj
com.afollestad.materialdialogs.R$dimen: int notification_top_pad
com.afollestad.materialdialogs.R$styleable: int AppCompatTheme_windowMinWidthMinor
com.google.android.gms.internal.ads.zzcf$zza$zzf: int zzdw
com.google.android.gms.ads.mediation.MediationBannerAdapter: void onDestroy()
com.afollestad.materialdialogs.R$attr: int alertDialogButtonGroupStyle
androidx.appcompat.R$style: int Base_Widget_AppCompat_ButtonBar_AlertDialog
me.zhanghai.android.materialprogressbar.R$style: int TextAppearance_AppCompat_Button
me.zhanghai.android.materialprogressbar.R$attr: int commitIcon
com.google.ads.mediation.AbstractAdViewAdapter: com.google.android.gms.ads.reward.mediation.MediationRewardedVideoAdListener zza(com.google.ads.mediation.AbstractAdViewAdapter)
com.afollestad.materialdialogs.R$styleable: int[] SearchView
butterknife.R$dimen: int notification_action_icon_size
androidx.appcompat.resources.R$styleable: int StateListDrawable_android_visible
androidx.appcompat.widget.LinearLayoutCompat: void setGravity(int)
com.afollestad.materialdialogs.R$color: int bright_foreground_material_dark
me.zhanghai.android.materialprogressbar.R$style: int Widget_AppCompat_TextView_SpinnerItem
com.google.android.gms.internal.ads.zzty$zzaa: int zzcce
me.zhanghai.android.materialprogressbar.R$style: int Theme_AppCompat_Light_Dialog_MinWidth
com.larswerkman.holocolorpicker.OpacityBar: com.larswerkman.holocolorpicker.OpacityBar$OnOpacityChangedListener getOnOpacityChangedListener()
butterknife.R$styleable: int FontFamily_fontProviderFetchStrategy
me.zhanghai.android.materialprogressbar.internal.ObjectAnimatorCompatLollipop: android.animation.ObjectAnimator ofInt(java.lang.Object,android.util.Property,android.util.Property,android.graphics.Path)
androidx.appcompat.R$styleable: int AlertDialog_android_layout
me.zhanghai.android.materialprogressbar.BuildConfig: BuildConfig()
me.zhanghai.android.materialprogressbar.R$styleable: int MaterialProgressBar_mpb_setBothDrawables
androidx.appcompat.R$color: int switch_thumb_disabled_material_light
me.zhanghai.android.materialprogressbar.BaseProgressLayerDrawable: boolean getUseIntrinsicPadding()
me.zhanghai.android.materialprogressbar.R$dimen: int abc_action_bar_subtitle_bottom_margin_material
androidx.appcompat.widget.AppCompatCheckBox: void setSupportButtonTintList(android.content.res.ColorStateList)
com.afollestad.materialdialogs.R$styleable: int AppCompatTheme_buttonStyle
androidx.recyclerview.R$styleable: int FontFamilyFont_fontVariationSettings