app/build/outputs/mapping/release/usage.txt
com.teamvoyager.simplesketch.R$menu
com.teamvoyager.simplesketch.R$integer
com.teamvoyager.simplesketch.R
com.teamvoyager.simplesketch.R$bool
com.teamvoyager.simplesketch.MainActivity:
    private com.google.android.gms.ads.rewarded.RewardedAd rewardedAd
com.teamvoyager.simplesketch.R$interpolator
com.teamvoyager.simplesketch.R$attr
com.teamvoyager.simplesketch.SaveSketch:
    private static final java.lang.String TAG
com.teamvoyager.simplesketch.R$string
com.teamvoyager.simplesketch.R$id
com.teamvoyager.simplesketch.R$styleable
com.teamvoyager.simplesketch.SketchView:
    public void setBackgroundBitmap(android.app.Activity,android.graphics.Bitmap)
    private static final float TOUCH_TOLERANCE
    public static final int STROKE
    public static final int ERASER
    public static final int DEFAULT_STROKE_SIZE
    public static final int DEFAULT_ERASER_SIZE
com.teamvoyager.simplesketch.R$layout
com.teamvoyager.simplesketch.R$style
com.teamvoyager.simplesketch.R$dimen
com.teamvoyager.simplesketch.R$anim
com.teamvoyager.simplesketch.BuildConfig
com.teamvoyager.simplesketch.R$mipmap
com.teamvoyager.simplesketch.SketchFragment:
    public void save()
    com.google.android.gms.ads.rewarded.RewardedAd rewardedAd
com.teamvoyager.simplesketch.SaveSketch_ViewBinding:
    public void <init>(com.teamvoyager.simplesketch.SaveSketch)
    public void unbind()
com.teamvoyager.simplesketch.SketchFragment_ViewBinding:
    public void unbind()
com.teamvoyager.simplesketch.R$drawable
com.teamvoyager.simplesketch.R$xml
com.teamvoyager.simplesketch.R$color
com.teamvoyager.simplesketch.BitmapHelper:
    public static com.teamvoyager.simplesketch.BitmapHelper getInstance()
    public boolean isSaved()
    public void setSaved(boolean)
    public android.graphics.Bitmap getBitmap()
    public void setBitmap(android.graphics.Bitmap)
com.teamvoyager.simplesketch.SaveSketch$3:
    public void onInitializationComplete(com.google.android.gms.ads.initialization.InitializationStatus)
com.teamvoyager.simplesketch.MainActivity:
    public final void showInterstitial()
    public final void loadInterstitial()
    public final void goToNextLevel()
com.teamvoyager.simplesketch.SaveSketch:
    public void onViewClicked()
    public void onButton2Clicked()
    public void onButton3Clicked()
    public void onButton4Clicked()
    public void onButton5Clicked()
    public final int REQUEST_BUTTON1
    public final int REQUEST_BUTTON2
    public final int REQUEST_BUTTON3
    public final int REQUEST_BUTTON4
    public final int REQUEST_BUTTON5
com.teamvoyager.simplesketch.SaveSketch_ViewBinding$5:
    public final synthetic com.teamvoyager.simplesketch.SaveSketch_ViewBinding this$0
com.teamvoyager.simplesketch.SketchFragment$1:
    public final void askForErase()
com.teamvoyager.simplesketch.SketchView:
    public void undo()
    public void redo()
    public void setSize(int,int)
    public void erase()
    public final void touch_start(float,float)
    public final void touch_move(float,float)
    public android.content.Context mContext
    public final java.lang.String TAG
com.teamvoyager.simplesketch.SaveSketch_ViewBinding$1:
    public final synthetic com.teamvoyager.simplesketch.SaveSketch_ViewBinding this$0
com.teamvoyager.simplesketch.SaveSketch_ViewBinding$2:
    public final synthetic com.teamvoyager.simplesketch.SaveSketch_ViewBinding this$0
com.teamvoyager.simplesketch.SaveSketch_ViewBinding$3:
    public final synthetic com.teamvoyager.simplesketch.SaveSketch_ViewBinding this$0
com.teamvoyager.simplesketch.SaveSketch_ViewBinding$4:
    public final synthetic com.teamvoyager.simplesketch.SaveSketch_ViewBinding this$0
com.teamvoyager.simplesketch.OnDrawChangedListener:
    public abstract void onDrawChanged()
...
androidx.collection.SimpleArrayMap:
    public static int binarySearchHashes(int[],int,int)
    public void putAll(androidx.collection.SimpleArrayMap)
com.google.android.gms.internal.ads.zzddn:
    public final com.google.android.gms.internal.ads.zzddo zzara()
androidx.core.graphics.TypefaceCompat:
    public static android.graphics.Typeface findFromCache(android.content.res.Resources,int,int)
    public static android.graphics.Typeface createFromFontInfo(android.content.Context,android.os.CancellationSignal,androidx.core.provider.FontsContractCompat$FontInfo[],int)
    public static android.graphics.Typeface getBestFontFromFamily(android.content.Context,android.graphics.Typeface,int)
com.google.android.gms.internal.ads.zzte:
    public static synthetic java.lang.Object zzb(com.google.android.gms.internal.ads.zzte)
    public static synthetic boolean zzc(com.google.android.gms.internal.ads.zzte)
    public static synthetic boolean zza(com.google.android.gms.internal.ads.zzte)
    public static synthetic com.google.android.gms.internal.ads.zzsz zzd(com.google.android.gms.internal.ads.zzte)
    public final java.util.concurrent.Future zzb(com.google.android.gms.internal.ads.zzsy)
    public final void disconnect()
com.google.android.gms.internal.ads.zzbjk:
    public void <init>(com.google.android.gms.internal.ads.zzbjh,com.google.android.gms.internal.ads.zzbpr,com.google.android.gms.internal.ads.zzbmn)
    public final com.google.android.gms.internal.ads.zzbtl zzaei()
    public final com.google.android.gms.internal.ads.zzbsk zzaej()
    public final com.google.android.gms.internal.ads.zzbyk zzael()
    public final com.google.android.gms.internal.ads.zzbmw zzafi()
    public final com.google.android.gms.internal.ads.zzchy zzafj()
com.google.android.gms.internal.ads.zzejv$zzb$zzc$zza:
    public final com.google.android.gms.internal.ads.zzejv$zzb$zzc$zza zzan(com.google.android.gms.internal.ads.zzeer)
    public final com.google.android.gms.internal.ads.zzejv$zzb$zzc$zza zzao(com.google.android.gms.internal.ads.zzeer)
com.google.android.gms.internal.ads.zzbhe
com.google.android.gms.internal.ads.zzdmh
com.google.android.gms.internal.ads.zzty$zzh$zza:
    public static com.google.android.gms.internal.ads.zzty$zzh$zza zzce(int)
    public static com.google.android.gms.internal.ads.zzegi zzx()
    public static final com.google.android.gms.internal.ads.zzegf zzes
androidx.appcompat.app.AlertController$2:
    public void onScrollChange(androidx.core.widget.NestedScrollView,int,int,int,int)
    public final synthetic androidx.appcompat.app.AlertController this$0
androidx.appcompat.graphics.drawable.AnimatedStateListDrawableCompat$FrameInterpolator:
    public int updateFrames(android.graphics.drawable.AnimationDrawable,boolean)
    public int getTotalDuration()
com.google.android.gms.internal.ads.zzhb:
    public final int type
    public final int zzaea
com.google.android.gms.internal.ads.zzdbh:
    public final com.google.android.gms.internal.ads.zzdbm zzaqs()
com.google.android.gms.internal.ads.zzbse:
    public static com.google.android.gms.internal.ads.zzbse zzm(com.google.android.gms.internal.ads.zzbrx)
androidx.appcompat.widget.DrawableUtils:
    public static void fixVectorDrawableTinting(android.graphics.drawable.Drawable)
    public static final android.graphics.Rect INSETS_NONE
    public static java.lang.Class sInsetsClazz
com.google.ads.mediation.customevent.CustomEvent
com.google.android.gms.internal.ads.zzdyk:
    public static final java.util.logging.Logger logger
com.google.android.gms.internal.ads.zzcvy:
    public static com.google.android.gms.internal.ads.zzcvy zzc(com.google.android.gms.internal.ads.zzcvw)
com.google.android.gms.internal.ads.zzrp:
    public final float zzmn()
    public final float zzmo()
    public final float zzmp()
    public final float zzmq()
    public final int zzmr()